<?xml version="1.0" encoding="UTF-8" ?>
<testsuite tests="5" failures="0" errors="0" skipped="0" time="0.103" name="module 'testidote'">
  <testcase time="0.025" name="testidote:0 initializer_test">
    <system-out>
    </system-out>
  </testcase>
  <testcase time="0.044" name="testidote:0 antidote_ping_test">
    <system-out>
    </system-out>
  </testcase>
  <testcase time="0.014" name="testidote:0 counter_test">
    <system-out>
    </system-out>
  </testcase>
  <testcase time="0.002" name="testidote:0 map_test">
    <system-out>
    </system-out>
  </testcase>
  <testcase time="0.002" name="testidote:0 nested_map_test">
    <system-out>
    </system-out>
  </testcase>
</testsuite>
